2022-04-07 12:40:27 정보   - Oracle SQL Developer Data Modeler 21.4.2.059.0838
2022-05-12 14:13:54 정보   - Oracle SQL Developer Data Modeler 21.4.2.059.0838
2022-05-26 16:14:56 정보   - Oracle SQL Developer Data Modeler 21.4.2.059.0838
2022-05-26 16:42:36 심각   - Error Closing Design!
java.lang.NullPointerException
	at oracle.dbtools.crest.model.design.DesignPart.doSetMainViewVisible(DesignPart.java:306)
	at oracle.dbtools.crest.model.design.DesignPart.setMainViewVisible(DesignPart.java:341)
	at oracle.dbtools.crest.model.design.logical.LogicalDesign.setMainViewVisible(LogicalDesign.java:1451)
	at oracle.dbtools.crest.model.design.DesignPart.setMainViewVisible(DesignPart.java:367)
	at oracle.dbtools.crest.swingui.ApplicationView.openMainDiagrams(ApplicationView.java:688)
	at oracle.dbtools.crest.swingui.ApplicationView.addDesign(ApplicationView.java:2818)
	at oracle.dbtools.crest.swingui.ApplicationView.removeDesign(ApplicationView.java:2877)
	at oracle.dbtools.crest.swingui.ControllerApplication$CloseDesign.execute(ControllerApplication.java:2726)
	at oracle.dbtools.crest.swingui.ApplicationView.closeAllDesigns(ApplicationView.java:2916)
	at oracle.dbtools.crest.swingui.ApplicationView.exitApplication(ApplicationView.java:2243)
	at oracle.dbtools.crest.fcp.DataModelerAddin.canShutdown(DataModelerAddin.java:2942)
	at oracle.ide.cmd.ExitCommand.canShutdown(ExitCommand.java:252)
	at oracle.ide.cmd.ExitCommand.doit(ExitCommand.java:509)
	at oracle.ide.controller.CommandProcessor.invoke(CommandProcessor.java:377)
	at oracle.ide.IdeCore.quit(IdeCore.java:844)
	at oracle.ide.Ide.quit(Ide.java:651)
	at com.oracle.jdeveloper.nbwindowsystem.Installer.closing(Installer.java:94)
	at org.netbeans.core.startup.NbInstaller.closing(NbInstaller.java:703)
	at org.netbeans.ModuleManager.shutDownAsync(ModuleManager.java:2188)
	at org.netbeans.core.startup.ModuleSystem.shutDownAsync(ModuleSystem.java:349)
	at org.netbeans.core.NbLifeExit.doExit(NbLifeExit.java:137)
	at org.netbeans.core.NbLifeExit.run(NbLifeExit.java:94)
	at org.netbeans.modules.openide.util.NbMutexEventProvider$Event.doEvent(NbMutexEventProvider.java:118)
	at org.netbeans.modules.openide.util.NbMutexEventProvider$Event.readAccess(NbMutexEventProvider.java:93)
	at org.netbeans.modules.openide.util.LazyMutexImplementation.readAccess(LazyMutexImplementation.java:89)
	at org.openide.util.Mutex.readAccess(Mutex.java:260)
	at org.netbeans.core.NbLifecycleManager.exit(NbLifecycleManager.java:213)
	at org.netbeans.core.NbLifecycleManager.exit(NbLifecycleManager.java:119)
	at org.netbeans.core.windows.view.ui.MainWindow$9.windowClosing(MainWindow.java:546)
	at java.awt.AWTEventMulticaster.windowClosing(AWTEventMulticaster.java:349)
	at java.awt.Window.processWindowEvent(Window.java:2054)
	at javax.swing.JFrame.processWindowEvent(JFrame.java:305)
	at java.awt.Window.processEvent(Window.java:2013)
	at java.awt.Component.dispatchEventImpl(Component.java:4889)
	at java.awt.Container.dispatchEventImpl(Container.java:2297)
	at java.awt.Window.dispatchEventImpl(Window.java:2746)
	at java.awt.Component.dispatchEvent(Component.java:4711)
	at java.awt.EventQueue.dispatchEventImpl(EventQueue.java:760)
	at java.awt.EventQueue.access$500(EventQueue.java:97)
	at java.awt.EventQueue$3.run(EventQueue.java:709)
	at java.awt.EventQueue$3.run(EventQueue.java:703)
	at java.security.AccessController.doPrivileged(Native Method)
	at java.security.ProtectionDomain$JavaSecurityAccessImpl.doIntersectionPrivilege(ProtectionDomain.java:74)
	at java.security.ProtectionDomain$JavaSecurityAccessImpl.doIntersectionPrivilege(ProtectionDomain.java:84)
	at java.awt.EventQueue$4.run(EventQueue.java:733)
	at java.awt.EventQueue$4.run(EventQueue.java:731)
	at java.security.AccessController.doPrivileged(Native Method)
	at java.security.ProtectionDomain$JavaSecurityAccessImpl.doIntersectionPrivilege(ProtectionDomain.java:74)
	at java.awt.EventQueue.dispatchEvent(EventQueue.java:730)
	at oracle.javatools.internal.ui.EventQueueWrapper._dispatchEvent(EventQueueWrapper.java:169)
	at oracle.javatools.internal.ui.EventQueueWrapper.dispatchEvent(EventQueueWrapper.java:151)
	at java.awt.EventDispatchThread.pumpOneEventForFilters(EventDispatchThread.java:205)
	at java.awt.EventDispatchThread.pumpEventsForFilter(EventDispatchThread.java:116)
	at java.awt.EventDispatchThread.pumpEventsForHierarchy(EventDispatchThread.java:105)
	at java.awt.EventDispatchThread.pumpEvents(EventDispatchThread.java:101)
	at java.awt.EventDispatchThread.pumpEvents(EventDispatchThread.java:93)
	at java.awt.EventDispatchThread.run(EventDispatchThread.java:82)
2022-05-26 22:49:56 정보   - Oracle SQL Developer Data Modeler 21.4.2.059.0838
2022-05-26 22:52:48 심각   - Error Closing Design!
java.lang.NullPointerException
	at oracle.dbtools.crest.model.design.DesignPart.doSetMainViewVisible(DesignPart.java:306)
	at oracle.dbtools.crest.model.design.DesignPart.setMainViewVisible(DesignPart.java:341)
	at oracle.dbtools.crest.model.design.logical.LogicalDesign.setMainViewVisible(LogicalDesign.java:1451)
	at oracle.dbtools.crest.model.design.DesignPart.setMainViewVisible(DesignPart.java:367)
	at oracle.dbtools.crest.swingui.ApplicationView.openMainDiagrams(ApplicationView.java:688)
	at oracle.dbtools.crest.swingui.ApplicationView.addDesign(ApplicationView.java:2818)
	at oracle.dbtools.crest.swingui.ApplicationView.removeDesign(ApplicationView.java:2877)
	at oracle.dbtools.crest.swingui.ControllerApplication$CloseDesign.execute(ControllerApplication.java:2726)
	at oracle.dbtools.crest.swingui.ApplicationView.closeAllDesigns(ApplicationView.java:2916)
	at oracle.dbtools.crest.swingui.ApplicationView.exitApplication(ApplicationView.java:2243)
	at oracle.dbtools.crest.fcp.DataModelerAddin.canShutdown(DataModelerAddin.java:2942)
	at oracle.ide.cmd.ExitCommand.canShutdown(ExitCommand.java:252)
	at oracle.ide.cmd.ExitCommand.doit(ExitCommand.java:509)
	at oracle.ide.controller.CommandProcessor.invoke(CommandProcessor.java:377)
	at oracle.ide.IdeCore.quit(IdeCore.java:844)
	at oracle.ide.Ide.quit(Ide.java:651)
	at com.oracle.jdeveloper.nbwindowsystem.Installer.closing(Installer.java:94)
	at org.netbeans.core.startup.NbInstaller.closing(NbInstaller.java:703)
	at org.netbeans.ModuleManager.shutDownAsync(ModuleManager.java:2188)
	at org.netbeans.core.startup.ModuleSystem.shutDownAsync(ModuleSystem.java:349)
	at org.netbeans.core.NbLifeExit.doExit(NbLifeExit.java:137)
	at org.netbeans.core.NbLifeExit.run(NbLifeExit.java:94)
	at org.netbeans.modules.openide.util.NbMutexEventProvider$Event.doEvent(NbMutexEventProvider.java:118)
	at org.netbeans.modules.openide.util.NbMutexEventProvider$Event.readAccess(NbMutexEventProvider.java:93)
	at org.netbeans.modules.openide.util.LazyMutexImplementation.readAccess(LazyMutexImplementation.java:89)
	at org.openide.util.Mutex.readAccess(Mutex.java:260)
	at org.netbeans.core.NbLifecycleManager.exit(NbLifecycleManager.java:213)
	at org.netbeans.core.NbLifecycleManager.exit(NbLifecycleManager.java:119)
	at org.netbeans.core.windows.view.ui.MainWindow$9.windowClosing(MainWindow.java:546)
	at java.awt.AWTEventMulticaster.windowClosing(AWTEventMulticaster.java:349)
	at java.awt.Window.processWindowEvent(Window.java:2054)
	at javax.swing.JFrame.processWindowEvent(JFrame.java:305)
	at java.awt.Window.processEvent(Window.java:2013)
	at java.awt.Component.dispatchEventImpl(Component.java:4889)
	at java.awt.Container.dispatchEventImpl(Container.java:2297)
	at java.awt.Window.dispatchEventImpl(Window.java:2746)
	at java.awt.Component.dispatchEvent(Component.java:4711)
	at java.awt.EventQueue.dispatchEventImpl(EventQueue.java:760)
	at java.awt.EventQueue.access$500(EventQueue.java:97)
	at java.awt.EventQueue$3.run(EventQueue.java:709)
	at java.awt.EventQueue$3.run(EventQueue.java:703)
	at java.security.AccessController.doPrivileged(Native Method)
	at java.security.ProtectionDomain$JavaSecurityAccessImpl.doIntersectionPrivilege(ProtectionDomain.java:74)
	at java.security.ProtectionDomain$JavaSecurityAccessImpl.doIntersectionPrivilege(ProtectionDomain.java:84)
	at java.awt.EventQueue$4.run(EventQueue.java:733)
	at java.awt.EventQueue$4.run(EventQueue.java:731)
	at java.security.AccessController.doPrivileged(Native Method)
	at java.security.ProtectionDomain$JavaSecurityAccessImpl.doIntersectionPrivilege(ProtectionDomain.java:74)
	at java.awt.EventQueue.dispatchEvent(EventQueue.java:730)
	at oracle.javatools.internal.ui.EventQueueWrapper._dispatchEvent(EventQueueWrapper.java:169)
	at oracle.javatools.internal.ui.EventQueueWrapper.dispatchEvent(EventQueueWrapper.java:151)
	at java.awt.EventDispatchThread.pumpOneEventForFilters(EventDispatchThread.java:205)
	at java.awt.EventDispatchThread.pumpEventsForFilter(EventDispatchThread.java:116)
	at java.awt.EventDispatchThread.pumpEventsForHierarchy(EventDispatchThread.java:105)
	at java.awt.EventDispatchThread.pumpEvents(EventDispatchThread.java:101)
	at java.awt.EventDispatchThread.pumpEvents(EventDispatchThread.java:93)
	at java.awt.EventDispatchThread.run(EventDispatchThread.java:82)
2022-06-03 14:55:59 정보   - Oracle SQL Developer Data Modeler 21.4.2.059.0838
2022-06-08 21:34:21 정보   - Oracle SQL Developer Data Modeler 21.4.2.059.0838
2022-06-09 01:03:47 정보   - Oracle SQL Developer Data Modeler 21.4.2.059.0838
2022-06-10 11:51:43 정보   - Oracle SQL Developer Data Modeler 21.4.2.059.0838
